<?xml version="1.0" encoding="UTF-8"?>
<!-- Generated by org.testng.reporters.JUnitReportReporter -->
<testsuite hostname="gautam-PC" name="MyJenkinsTest.TestOne" tests="1" failures="0" timestamp="15 Sep 2019 04:53:03 GMT" time="27.264" errors="0">
  <testcase name="VerifyTitle" time="27.264" classname="MyJenkinsTest.TestOne"/>
</testsuite> <!-- MyJenkinsTest.TestOne -->
